<?xml version="1.0" encoding="UTF-8"?>
<!-- Generated by org.testng.reporters.JUnitReportReporter -->
<testsuite hostname="Ujjals-Air-2" name="TestCase.MapTest" tests="4" failures="0" timestamp="24 Feb 2020 05:08:41 GMT" time="7.448" errors="0">
  <testcase name="getMapLocation" time="5.271" classname="TestCase.MapTest"/>
  <testcase name="clickParking" time="0.158" classname="TestCase.MapTest"/>
  <testcase name="searchDirection" time="1.711" classname="TestCase.MapTest"/>
  <testcase name="clickToll" time="0.308" classname="TestCase.MapTest"/>
</testsuite> <!-- TestCase.MapTest -->
