<?xml version="1.0" encoding="UTF-8"?>
<!-- Generated by org.testng.reporters.JUnitReportReporter -->
<testsuite hostname="Ujjals-Air-2" name="TestCase.ValidateData" tests="7" failures="0" timestamp="24 Feb 2020 05:08:41 GMT" time="224.207" errors="0">
  <testcase name="searchIncident" time="5.171" classname="TestCase.ValidateData"/>
  <testcase name="getTollList" time="154.376" classname="TestCase.ValidateData"/>
  <testcase name="searchIncidentLocation" time="0.545" classname="TestCase.ValidateData"/>
  <testcase name="clickLive" time="0.221" classname="TestCase.ValidateData"/>
  <testcase name="getIncidentList" time="2.737" classname="TestCase.ValidateData"/>
  <testcase name="cameraList" time="60.948" classname="TestCase.ValidateData"/>
  <testcase name="clickPersonal" time="0.209" classname="TestCase.ValidateData"/>
</testsuite> <!-- TestCase.ValidateData -->
